<?xml version="1.0" encoding="WINDOWS-1251"?>
<песня название=" Будь или не  будь">
  <куплет id="0" партия="жен">
    <строка>Будь со мной мальчиком</строка>
    <строка><ударение>Пу</ударение>шистым зайчиком</строка>
    <строка>Хрупкою деточкой</строка>
    <рефрен>Или не  будь со мной</рефрен>
  </куплет>
  <куплет id="1" партия="жен">
    <строка>Будь со мной мастером</строка>
    <строка>Будь со мной гангстером</строка>
    <строка>Я буду девочкой</строка>
    <рефрен>Или не  будь со мной</рефрен>
  </куплет>
  <припев>
    <строка> Будь или не  будь</строка>
    <строка>Делай же что-нибудь</строка>
    <строка> Будь или не  будь</строка>
    <строка> Будь или не  будь</строка>
  </припев>
  ...
</песня>
